nohup: ignoring input
2023-02-01 01:03:18,264 - mmhuman3d - INFO - Environment info:
------------------------------------------------------------
sys.platform: linux
Python: 3.8.16 (default, Jan 17 2023, 23:13:24) [GCC 11.2.0]
CUDA available: True
GPU 0,1,2,3,4,5,6,7: NVIDIA TITAN RTX
CUDA_HOME: /usr/local/cuda
NVCC: Cuda compilation tools, release 11.0, V11.0.221
GCC: gcc (Ubuntu 9.4.0-1ubuntu1~20.04.1) 9.4.0
PyTorch: 1.8.0
PyTorch compiling details: PyTorch built with:
  - GCC 7.3
  - C++ Version: 201402
  - Intel(R) oneAPI Math Kernel Library Version 2021.4-Product Build 20210904 for Intel(R) 64 architecture applications
  - Intel(R) MKL-DNN v1.7.0 (Git Hash 7aed236906b1f7a05c0917e5257a1af05e9ff683)
  - OpenMP 201511 (a.k.a. OpenMP 4.5)
  - NNPACK is enabled
  - CPU capability usage: AVX2
  - CUDA Runtime 10.2
  - NVCC architecture flags: -gencode;arch=compute_37,code=sm_37;-gencode;arch=compute_50,code=sm_50;-gencode;arch=compute_60,code=sm_60;-gencode;arch=compute_61,code=sm_61;-gencode;arch=compute_70,code=sm_70;-gencode;arch=compute_75,code=sm_75;-gencode;arch=compute_37,code=compute_37
  - CuDNN 7.6.5
  - Magma 2.5.2
  - Build settings: BLAS_INFO=mkl, BUILD_TYPE=Release, CUDA_VERSION=10.2, CUDNN_VERSION=7.6.5, CXX_COMPILER=/opt/rh/devtoolset-7/root/usr/bin/c++, CXX_FLAGS= -Wno-deprecated -fvisibility-inlines-hidden -DUSE_PTHREADPOOL -fopenmp -DNDEBUG -DUSE_KINETO -DUSE_FBGEMM -DUSE_QNNPACK -DUSE_PYTORCH_QNNPACK -DUSE_XNNPACK -O2 -fPIC -Wno-narrowing -Wall -Wextra -Werror=return-type -Wno-missing-field-initializers -Wno-type-limits -Wno-array-bounds -Wno-unknown-pragmas -Wno-sign-compare -Wno-unused-parameter -Wno-unused-variable -Wno-unused-function -Wno-unused-result -Wno-unused-local-typedefs -Wno-strict-overflow -Wno-strict-aliasing -Wno-error=deprecated-declarations -Wno-stringop-overflow -Wno-psabi -Wno-error=pedantic -Wno-error=redundant-decls -Wno-error=old-style-cast -fdiagnostics-color=always -faligned-new -Wno-unused-but-set-variable -Wno-maybe-uninitialized -fno-math-errno -fno-trapping-math -Werror=format -Wno-stringop-overflow, LAPACK_INFO=mkl, PERF_WITH_AVX=1, PERF_WITH_AVX2=1, PERF_WITH_AVX512=1, TORCH_VERSION=1.8.0, USE_CUDA=ON, USE_CUDNN=ON, USE_EXCEPTION_PTR=1, USE_GFLAGS=OFF, USE_GLOG=OFF, USE_MKL=ON, USE_MKLDNN=ON, USE_MPI=OFF, USE_NCCL=ON, USE_NNPACK=ON, USE_OPENMP=ON, 

TorchVision: 0.9.0
OpenCV: 4.7.0
MMCV: 1.5.3
MMCV Compiler: GCC 7.3
MMCV CUDA Compiler: 10.2
MMHuman3d: 0.10.0+32fb6c7
------------------------------------------------------------

2023-02-01 01:03:18,265 - mmhuman3d - INFO - Distributed training: True
2023-02-01 01:03:19,463 - mmhuman3d - INFO - Config:
checkpoint_config = dict(interval=10)
log_config = dict(interval=50, hooks=[dict(type='TextLoggerHook')])
dist_params = dict(backend='nccl')
log_level = 'INFO'
load_from = None
resume_from = None
workflow = [('train', 1)]
use_adversarial_train = True
evaluation = dict(interval=10, metric=['pa-mpjpe', 'mpjpe'])
img_res = 224
optimizer = dict(
    backbone=dict(type='Adam', lr=0.0002),
    head=dict(type='Adam', lr=0.0002),
    disc=dict(type='Adam', lr=0.0001))
optimizer_config = dict(grad_clip=None)
lr_config = dict(policy='Fixed', by_epoch=False)
runner = dict(type='EpochBasedRunner', max_epochs=200)
hrnet_extra = dict(
    stage1=dict(
        num_modules=1,
        num_branches=1,
        block='BOTTLENECK',
        num_blocks=(4, ),
        num_channels=(64, )),
    stage2=dict(
        num_modules=1,
        num_branches=2,
        block='BASIC',
        num_blocks=(4, 4),
        num_channels=(32, 64)),
    stage3=dict(
        num_modules=4,
        num_branches=3,
        block='BASIC',
        num_blocks=(4, 4, 4),
        num_channels=(32, 64, 128)),
    stage4=dict(
        num_modules=3,
        num_branches=4,
        block='BASIC',
        num_blocks=(4, 4, 4, 4),
        num_channels=(32, 64, 128, 256)),
    return_list=False,
    multi_tasks=True,
    downsample=False,
    use_conv=False,
    final_conv_kernel=1,
    pretrained_layers=[
        'conv1', 'bn1', 'conv2', 'bn2', 'layer1', 'transition1', 'stage2',
        'transition2', 'stage3', 'transition3', 'stage4'
    ])
find_unused_parameters = True
model = dict(
    type='ImageBodyModelEstimator',
    backbone=dict(
        type='PoseHighResolutionNet',
        extra=dict(
            stage1=dict(
                num_modules=1,
                num_branches=1,
                block='BOTTLENECK',
                num_blocks=(4, ),
                num_channels=(64, )),
            stage2=dict(
                num_modules=1,
                num_branches=2,
                block='BASIC',
                num_blocks=(4, 4),
                num_channels=(32, 64)),
            stage3=dict(
                num_modules=4,
                num_branches=3,
                block='BASIC',
                num_blocks=(4, 4, 4),
                num_channels=(32, 64, 128)),
            stage4=dict(
                num_modules=3,
                num_branches=4,
                block='BASIC',
                num_blocks=(4, 4, 4, 4),
                num_channels=(32, 64, 128, 256)),
            return_list=False,
            multi_tasks=True,
            downsample=False,
            use_conv=False,
            final_conv_kernel=1,
            pretrained_layers=[
                'conv1', 'bn1', 'conv2', 'bn2', 'layer1', 'transition1',
                'stage2', 'transition2', 'stage3', 'transition3', 'stage4'
            ]),
        init_cfg=dict(
            type='Pretrained',
            checkpoint='data/pretrained_models/hrnet_pretrain.pth')),
    head=dict(
        type='HMRHead',
        feat_dim=2048,
        smpl_mean_params='data/body_models/smpl_mean_params.npz'),
    body_model_train=dict(
        type='SMPL',
        keypoint_src='smpl_54',
        keypoint_dst='smpl_54',
        model_path='data/body_models/smpl',
        keypoint_approximate=True,
        extra_joints_regressor='data/body_models/J_regressor_extra.npy'),
    body_model_test=dict(
        type='SMPL',
        keypoint_src='h36m',
        keypoint_dst='h36m',
        model_path='data/body_models/smpl',
        joints_regressor='data/body_models/J_regressor_h36m.npy'),
    convention='smpl_54',
    loss_keypoints3d=dict(type='SmoothL1Loss', loss_weight=100),
    loss_keypoints2d=dict(type='SmoothL1Loss', loss_weight=10),
    loss_vertex=dict(type='L1Loss', loss_weight=2),
    loss_smpl_pose=dict(type='MSELoss', loss_weight=3),
    loss_smpl_betas=dict(type='MSELoss', loss_weight=0.02),
    loss_adv=dict(
        type='GANLoss',
        gan_type='lsgan',
        real_label_val=1.0,
        fake_label_val=0.0,
        loss_weight=1),
    disc=dict(type='SMPLDiscriminator'))
dataset_type = 'HumanImageDataset'
img_norm_cfg = dict(
    mean=[123.675, 116.28, 103.53], std=[58.395, 57.12, 57.375], to_rgb=True)
data_keys = [
    'has_smpl', 'smpl_body_pose', 'smpl_global_orient', 'smpl_betas',
    'smpl_transl', 'keypoints2d', 'keypoints3d', 'sample_idx'
]
train_pipeline = [
    dict(type='LoadImageFromFile'),
    dict(type='RandomChannelNoise', noise_factor=0.4),
    dict(type='RandomHorizontalFlip', flip_prob=0.5, convention='smpl_54'),
    dict(type='GetRandomScaleRotation', rot_factor=30, scale_factor=0.25),
    dict(type='MeshAffine', img_res=224),
    dict(
        type='Normalize',
        mean=[123.675, 116.28, 103.53],
        std=[58.395, 57.12, 57.375],
        to_rgb=True),
    dict(type='ImageToTensor', keys=['img']),
    dict(
        type='ToTensor',
        keys=[
            'has_smpl', 'smpl_body_pose', 'smpl_global_orient', 'smpl_betas',
            'smpl_transl', 'keypoints2d', 'keypoints3d', 'sample_idx'
        ]),
    dict(
        type='Collect',
        keys=[
            'img', 'has_smpl', 'smpl_body_pose', 'smpl_global_orient',
            'smpl_betas', 'smpl_transl', 'keypoints2d', 'keypoints3d',
            'sample_idx'
        ],
        meta_keys=['image_path', 'center', 'scale', 'rotation'])
]
adv_data_keys = [
    'smpl_body_pose', 'smpl_global_orient', 'smpl_betas', 'smpl_transl'
]
train_adv_pipeline = [
    dict(
        type='Collect',
        keys=[
            'smpl_body_pose', 'smpl_global_orient', 'smpl_betas', 'smpl_transl'
        ],
        meta_keys=[])
]
test_pipeline = [
    dict(type='LoadImageFromFile'),
    dict(type='GetRandomScaleRotation', rot_factor=0, scale_factor=0),
    dict(type='MeshAffine', img_res=224),
    dict(
        type='Normalize',
        mean=[123.675, 116.28, 103.53],
        std=[58.395, 57.12, 57.375],
        to_rgb=True),
    dict(type='ImageToTensor', keys=['img']),
    dict(
        type='ToTensor',
        keys=[
            'has_smpl', 'smpl_body_pose', 'smpl_global_orient', 'smpl_betas',
            'smpl_transl', 'keypoints2d', 'keypoints3d', 'sample_idx'
        ]),
    dict(
        type='Collect',
        keys=[
            'img', 'has_smpl', 'smpl_body_pose', 'smpl_global_orient',
            'smpl_betas', 'smpl_transl', 'keypoints2d', 'keypoints3d',
            'sample_idx'
        ],
        meta_keys=['image_path', 'center', 'scale', 'rotation'])
]
inference_pipeline = [
    dict(type='MeshAffine', img_res=224),
    dict(
        type='Normalize',
        mean=[123.675, 116.28, 103.53],
        std=[58.395, 57.12, 57.375],
        to_rgb=True),
    dict(type='ImageToTensor', keys=['img']),
    dict(
        type='Collect',
        keys=['img', 'sample_idx'],
        meta_keys=['image_path', 'center', 'scale', 'rotation'])
]
data = dict(
    samples_per_gpu=32,
    workers_per_gpu=1,
    train=dict(
        type='AdversarialDataset',
        train_dataset=dict(
            type='MixedDataset',
            configs=[
                dict(
                    type='HumanImageDataset',
                    dataset_name='h36m',
                    data_prefix='data',
                    pipeline=[
                        dict(type='LoadImageFromFile'),
                        dict(type='RandomChannelNoise', noise_factor=0.4),
                        dict(
                            type='RandomHorizontalFlip',
                            flip_prob=0.5,
                            convention='smpl_54'),
                        dict(
                            type='GetRandomScaleRotation',
                            rot_factor=30,
                            scale_factor=0.25),
                        dict(type='MeshAffine', img_res=224),
                        dict(
                            type='Normalize',
                            mean=[123.675, 116.28, 103.53],
                            std=[58.395, 57.12, 57.375],
                            to_rgb=True),
                        dict(type='ImageToTensor', keys=['img']),
                        dict(
                            type='ToTensor',
                            keys=[
                                'has_smpl', 'smpl_body_pose',
                                'smpl_global_orient', 'smpl_betas',
                                'smpl_transl', 'keypoints2d', 'keypoints3d',
                                'sample_idx'
                            ]),
                        dict(
                            type='Collect',
                            keys=[
                                'img', 'has_smpl', 'smpl_body_pose',
                                'smpl_global_orient', 'smpl_betas',
                                'smpl_transl', 'keypoints2d', 'keypoints3d',
                                'sample_idx'
                            ],
                            meta_keys=[
                                'image_path', 'center', 'scale', 'rotation'
                            ])
                    ],
                    convention='smpl_54',
                    ann_file='h36m_train.npz'),
                dict(
                    type='HumanImageDataset',
                    dataset_name='lsp',
                    data_prefix='data',
                    pipeline=[
                        dict(type='LoadImageFromFile'),
                        dict(type='RandomChannelNoise', noise_factor=0.4),
                        dict(
                            type='RandomHorizontalFlip',
                            flip_prob=0.5,
                            convention='smpl_54'),
                        dict(
                            type='GetRandomScaleRotation',
                            rot_factor=30,
                            scale_factor=0.25),
                        dict(type='MeshAffine', img_res=224),
                        dict(
                            type='Normalize',
                            mean=[123.675, 116.28, 103.53],
                            std=[58.395, 57.12, 57.375],
                            to_rgb=True),
                        dict(type='ImageToTensor', keys=['img']),
                        dict(
                            type='ToTensor',
                            keys=[
                                'has_smpl', 'smpl_body_pose',
                                'smpl_global_orient', 'smpl_betas',
                                'smpl_transl', 'keypoints2d', 'keypoints3d',
                                'sample_idx'
                            ]),
                        dict(
                            type='Collect',
                            keys=[
                                'img', 'has_smpl', 'smpl_body_pose',
                                'smpl_global_orient', 'smpl_betas',
                                'smpl_transl', 'keypoints2d', 'keypoints3d',
                                'sample_idx'
                            ],
                            meta_keys=[
                                'image_path', 'center', 'scale', 'rotation'
                            ])
                    ],
                    convention='smpl_54',
                    ann_file='lsp_train.npz'),
                dict(
                    type='HumanImageDataset',
                    dataset_name='lspet',
                    data_prefix='data',
                    pipeline=[
                        dict(type='LoadImageFromFile'),
                        dict(type='RandomChannelNoise', noise_factor=0.4),
                        dict(
                            type='RandomHorizontalFlip',
                            flip_prob=0.5,
                            convention='smpl_54'),
                        dict(
                            type='GetRandomScaleRotation',
                            rot_factor=30,
                            scale_factor=0.25),
                        dict(type='MeshAffine', img_res=224),
                        dict(
                            type='Normalize',
                            mean=[123.675, 116.28, 103.53],
                            std=[58.395, 57.12, 57.375],
                            to_rgb=True),
                        dict(type='ImageToTensor', keys=['img']),
                        dict(
                            type='ToTensor',
                            keys=[
                                'has_smpl', 'smpl_body_pose',
                                'smpl_global_orient', 'smpl_betas',
                                'smpl_transl', 'keypoints2d', 'keypoints3d',
                                'sample_idx'
                            ]),
                        dict(
                            type='Collect',
                            keys=[
                                'img', 'has_smpl', 'smpl_body_pose',
                                'smpl_global_orient', 'smpl_betas',
                                'smpl_transl', 'keypoints2d', 'keypoints3d',
                                'sample_idx'
                            ],
                            meta_keys=[
                                'image_path', 'center', 'scale', 'rotation'
                            ])
                    ],
                    convention='smpl_54',
                    ann_file='lspet_train.npz'),
                dict(
                    type='HumanImageDataset',
                    dataset_name='mpii',
                    data_prefix='data',
                    pipeline=[
                        dict(type='LoadImageFromFile'),
                        dict(type='RandomChannelNoise', noise_factor=0.4),
                        dict(
                            type='RandomHorizontalFlip',
                            flip_prob=0.5,
                            convention='smpl_54'),
                        dict(
                            type='GetRandomScaleRotation',
                            rot_factor=30,
                            scale_factor=0.25),
                        dict(type='MeshAffine', img_res=224),
                        dict(
                            type='Normalize',
                            mean=[123.675, 116.28, 103.53],
                            std=[58.395, 57.12, 57.375],
                            to_rgb=True),
                        dict(type='ImageToTensor', keys=['img']),
                        dict(
                            type='ToTensor',
                            keys=[
                                'has_smpl', 'smpl_body_pose',
                                'smpl_global_orient', 'smpl_betas',
                                'smpl_transl', 'keypoints2d', 'keypoints3d',
                                'sample_idx'
                            ]),
                        dict(
                            type='Collect',
                            keys=[
                                'img', 'has_smpl', 'smpl_body_pose',
                                'smpl_global_orient', 'smpl_betas',
                                'smpl_transl', 'keypoints2d', 'keypoints3d',
                                'sample_idx'
                            ],
                            meta_keys=[
                                'image_path', 'center', 'scale', 'rotation'
                            ])
                    ],
                    convention='smpl_54',
                    ann_file='mpii_train.npz'),
                dict(
                    type='HumanImageDataset',
                    dataset_name='coco',
                    data_prefix='data',
                    pipeline=[
                        dict(type='LoadImageFromFile'),
                        dict(type='RandomChannelNoise', noise_factor=0.4),
                        dict(
                            type='RandomHorizontalFlip',
                            flip_prob=0.5,
                            convention='smpl_54'),
                        dict(
                            type='GetRandomScaleRotation',
                            rot_factor=30,
                            scale_factor=0.25),
                        dict(type='MeshAffine', img_res=224),
                        dict(
                            type='Normalize',
                            mean=[123.675, 116.28, 103.53],
                            std=[58.395, 57.12, 57.375],
                            to_rgb=True),
                        dict(type='ImageToTensor', keys=['img']),
                        dict(
                            type='ToTensor',
                            keys=[
                                'has_smpl', 'smpl_body_pose',
                                'smpl_global_orient', 'smpl_betas',
                                'smpl_transl', 'keypoints2d', 'keypoints3d',
                                'sample_idx'
                            ]),
                        dict(
                            type='Collect',
                            keys=[
                                'img', 'has_smpl', 'smpl_body_pose',
                                'smpl_global_orient', 'smpl_betas',
                                'smpl_transl', 'keypoints2d', 'keypoints3d',
                                'sample_idx'
                            ],
                            meta_keys=[
                                'image_path', 'center', 'scale', 'rotation'
                            ])
                    ],
                    convention='smpl_54',
                    ann_file='coco_2014_train.npz')
            ],
            partition=[0.35, 0.15, 0.1, 0.1, 0.1, 0.2]),
        adv_dataset=dict(
            type='MeshDataset',
            dataset_name='cmu_mosh',
            data_prefix='data',
            pipeline=[
                dict(
                    type='Collect',
                    keys=[
                        'smpl_body_pose', 'smpl_global_orient', 'smpl_betas',
                        'smpl_transl'
                    ],
                    meta_keys=[])
            ],
            ann_file='cmu_mosh.npz')),
    test=dict(
        type='HumanImageDataset',
        body_model=dict(
            type='GenderedSMPL',
            keypoint_src='h36m',
            keypoint_dst='h36m',
            model_path='data/body_models/smpl',
            joints_regressor='data/body_models/J_regressor_h36m.npy'),
        dataset_name='pw3d',
        data_prefix='data',
        pipeline=[
            dict(type='LoadImageFromFile'),
            dict(type='GetRandomScaleRotation', rot_factor=0, scale_factor=0),
            dict(type='MeshAffine', img_res=224),
            dict(
                type='Normalize',
                mean=[123.675, 116.28, 103.53],
                std=[58.395, 57.12, 57.375],
                to_rgb=True),
            dict(type='ImageToTensor', keys=['img']),
            dict(
                type='ToTensor',
                keys=[
                    'has_smpl', 'smpl_body_pose', 'smpl_global_orient',
                    'smpl_betas', 'smpl_transl', 'keypoints2d', 'keypoints3d',
                    'sample_idx'
                ]),
            dict(
                type='Collect',
                keys=[
                    'img', 'has_smpl', 'smpl_body_pose', 'smpl_global_orient',
                    'smpl_betas', 'smpl_transl', 'keypoints2d', 'keypoints3d',
                    'sample_idx'
                ],
                meta_keys=['image_path', 'center', 'scale', 'rotation'])
        ],
        ann_file='pw3d_test.npz'))
work_dir = 'workspace/ormr'
gpu_ids = range(0, 8)

WARNING: You are using a SMPL model, with only 10 shape coefficients.
WARNING: You are using a SMPL model, with only 10 shape coefficients.
WARNING: You are using a SMPL model, with only 10 shape coefficients.
WARNING: You are using a SMPL model, with only 10 shape coefficients.
WARNING: You are using a SMPL model, with only 10 shape coefficients.
WARNING: You are using a SMPL model, with only 10 shape coefficients.
WARNING: You are using a SMPL model, with only 10 shape coefficients.
WARNING: You are using a SMPL model, with only 10 shape coefficients.
WARNING: You are using a SMPL model, with only 10 shape coefficients.
WARNING: You are using a SMPL model, with only 10 shape coefficients.
WARNING: You are using a SMPL model, with only 10 shape coefficients.
WARNING: You are using a SMPL model, with only 10 shape coefficients.
WARNING: You are using a SMPL model, with only 10 shape coefficients.
WARNING: You are using a SMPL model, with only 10 shape coefficients.
2023-02-01 01:03:20,191 - mmhuman3d - INFO - initialize PoseHighResolutionNet with init_cfg {'type': 'Pretrained', 'checkpoint': 'data/pretrained_models/hrnet_pretrain.pth'}
2023-02-01 01:03:20,191 - mmcv - INFO - load model from: data/pretrained_models/hrnet_pretrain.pth
2023-02-01 01:03:20,192 - mmcv - INFO - load checkpoint from local path: data/pretrained_models/hrnet_pretrain.pth
WARNING: You are using a SMPL model, with only 10 shape coefficients.
WARNING: You are using a SMPL model, with only 10 shape coefficients.
2023-02-01 01:03:25,356 - mmcv - WARNING - The model and loaded state dict do not match exactly

size mismatch for final_layer.weight: copying a param with shape torch.Size([17, 32, 1, 1]) from checkpoint, the shape in current model is torch.Size([24, 32, 1, 1]).
size mismatch for final_layer.bias: copying a param with shape torch.Size([17]) from checkpoint, the shape in current model is torch.Size([24]).
missing keys in source state_dict: stage4.2.fuse_layers.1.0.0.0.weight, stage4.2.fuse_layers.1.0.0.1.weight, stage4.2.fuse_layers.1.0.0.1.bias, stage4.2.fuse_layers.1.0.0.1.running_mean, stage4.2.fuse_layers.1.0.0.1.running_var, stage4.2.fuse_layers.1.2.0.weight, stage4.2.fuse_layers.1.2.1.weight, stage4.2.fuse_layers.1.2.1.bias, stage4.2.fuse_layers.1.2.1.running_mean, stage4.2.fuse_layers.1.2.1.running_var, stage4.2.fuse_layers.1.3.0.weight, stage4.2.fuse_layers.1.3.1.weight, stage4.2.fuse_layers.1.3.1.bias, stage4.2.fuse_layers.1.3.1.running_mean, stage4.2.fuse_layers.1.3.1.running_var, stage4.2.fuse_layers.2.0.0.0.weight, stage4.2.fuse_layers.2.0.0.1.weight, stage4.2.fuse_layers.2.0.0.1.bias, stage4.2.fuse_layers.2.0.0.1.running_mean, stage4.2.fuse_layers.2.0.0.1.running_var, stage4.2.fuse_layers.2.0.1.0.weight, stage4.2.fuse_layers.2.0.1.1.weight, stage4.2.fuse_layers.2.0.1.1.bias, stage4.2.fuse_layers.2.0.1.1.running_mean, stage4.2.fuse_layers.2.0.1.1.running_var, stage4.2.fuse_layers.2.1.0.0.weight, stage4.2.fuse_layers.2.1.0.1.weight, stage4.2.fuse_layers.2.1.0.1.bias, stage4.2.fuse_layers.2.1.0.1.running_mean, stage4.2.fuse_layers.2.1.0.1.running_var, stage4.2.fuse_layers.2.3.0.weight, stage4.2.fuse_layers.2.3.1.weight, stage4.2.fuse_layers.2.3.1.bias, stage4.2.fuse_layers.2.3.1.running_mean, stage4.2.fuse_layers.2.3.1.running_var, stage4.2.fuse_layers.3.0.0.0.weight, stage4.2.fuse_layers.3.0.0.1.weight, stage4.2.fuse_layers.3.0.0.1.bias, stage4.2.fuse_layers.3.0.0.1.running_mean, stage4.2.fuse_layers.3.0.0.1.running_var, stage4.2.fuse_layers.3.0.1.0.weight, stage4.2.fuse_layers.3.0.1.1.weight, stage4.2.fuse_layers.3.0.1.1.bias, stage4.2.fuse_layers.3.0.1.1.running_mean, stage4.2.fuse_layers.3.0.1.1.running_var, stage4.2.fuse_layers.3.0.2.0.weight, stage4.2.fuse_layers.3.0.2.1.weight, stage4.2.fuse_layers.3.0.2.1.bias, stage4.2.fuse_layers.3.0.2.1.running_mean, stage4.2.fuse_layers.3.0.2.1.running_var, stage4.2.fuse_layers.3.1.0.0.weight, stage4.2.fuse_layers.3.1.0.1.weight, stage4.2.fuse_layers.3.1.0.1.bias, stage4.2.fuse_layers.3.1.0.1.running_mean, stage4.2.fuse_layers.3.1.0.1.running_var, stage4.2.fuse_layers.3.1.1.0.weight, stage4.2.fuse_layers.3.1.1.1.weight, stage4.2.fuse_layers.3.1.1.1.bias, stage4.2.fuse_layers.3.1.1.1.running_mean, stage4.2.fuse_layers.3.1.1.1.running_var, stage4.2.fuse_layers.3.2.0.0.weight, stage4.2.fuse_layers.3.2.0.1.weight, stage4.2.fuse_layers.3.2.0.1.bias, stage4.2.fuse_layers.3.2.0.1.running_mean, stage4.2.fuse_layers.3.2.0.1.running_var, incre_modules.0.0.conv1.weight, incre_modules.0.0.bn1.weight, incre_modules.0.0.bn1.bias, incre_modules.0.0.bn1.running_mean, incre_modules.0.0.bn1.running_var, incre_modules.0.0.conv2.weight, incre_modules.0.0.bn2.weight, incre_modules.0.0.bn2.bias, incre_modules.0.0.bn2.running_mean, incre_modules.0.0.bn2.running_var, incre_modules.0.0.conv3.weight, incre_modules.0.0.bn3.weight, incre_modules.0.0.bn3.bias, incre_modules.0.0.bn3.running_mean, incre_modules.0.0.bn3.running_var, incre_modules.0.0.downsample.0.weight, incre_modules.0.0.downsample.1.weight, incre_modules.0.0.downsample.1.bias, incre_modules.0.0.downsample.1.running_mean, incre_modules.0.0.downsample.1.running_var, incre_modules.1.0.conv1.weight, incre_modules.1.0.bn1.weight, incre_modules.1.0.bn1.bias, incre_modules.1.0.bn1.running_mean, incre_modules.1.0.bn1.running_var, incre_modules.1.0.conv2.weight, incre_modules.1.0.bn2.weight, incre_modules.1.0.bn2.bias, incre_modules.1.0.bn2.running_mean, incre_modules.1.0.bn2.running_var, incre_modules.1.0.conv3.weight, incre_modules.1.0.bn3.weight, incre_modules.1.0.bn3.bias, incre_modules.1.0.bn3.running_mean, incre_modules.1.0.bn3.running_var, incre_modules.1.0.downsample.0.weight, incre_modules.1.0.downsample.1.weight, incre_modules.1.0.downsample.1.bias, incre_modules.1.0.downsample.1.running_mean, incre_modules.1.0.downsample.1.running_var, incre_modules.2.0.conv1.weight, incre_modules.2.0.bn1.weight, incre_modules.2.0.bn1.bias, incre_modules.2.0.bn1.running_mean, incre_modules.2.0.bn1.running_var, incre_modules.2.0.conv2.weight, incre_modules.2.0.bn2.weight, incre_modules.2.0.bn2.bias, incre_modules.2.0.bn2.running_mean, incre_modules.2.0.bn2.running_var, incre_modules.2.0.conv3.weight, incre_modules.2.0.bn3.weight, incre_modules.2.0.bn3.bias, incre_modules.2.0.bn3.running_mean, incre_modules.2.0.bn3.running_var, incre_modules.2.0.downsample.0.weight, incre_modules.2.0.downsample.1.weight, incre_modules.2.0.downsample.1.bias, incre_modules.2.0.downsample.1.running_mean, incre_modules.2.0.downsample.1.running_var, incre_modules.3.0.conv1.weight, incre_modules.3.0.bn1.weight, incre_modules.3.0.bn1.bias, incre_modules.3.0.bn1.running_mean, incre_modules.3.0.bn1.running_var, incre_modules.3.0.conv2.weight, incre_modules.3.0.bn2.weight, incre_modules.3.0.bn2.bias, incre_modules.3.0.bn2.running_mean, incre_modules.3.0.bn2.running_var, incre_modules.3.0.conv3.weight, incre_modules.3.0.bn3.weight, incre_modules.3.0.bn3.bias, incre_modules.3.0.bn3.running_mean, incre_modules.3.0.bn3.running_var, incre_modules.3.0.downsample.0.weight, incre_modules.3.0.downsample.1.weight, incre_modules.3.0.downsample.1.bias, incre_modules.3.0.downsample.1.running_mean, incre_modules.3.0.downsample.1.running_var, downsamp_modules.0.0.weight, downsamp_modules.0.0.bias, downsamp_modules.0.1.weight, downsamp_modules.0.1.bias, downsamp_modules.0.1.running_mean, downsamp_modules.0.1.running_var, downsamp_modules.1.0.weight, downsamp_modules.1.0.bias, downsamp_modules.1.1.weight, downsamp_modules.1.1.bias, downsamp_modules.1.1.running_mean, downsamp_modules.1.1.running_var, downsamp_modules.2.0.weight, downsamp_modules.2.0.bias, downsamp_modules.2.1.weight, downsamp_modules.2.1.bias, downsamp_modules.2.1.running_mean, downsamp_modules.2.1.running_var, neck_layer.0.weight, neck_layer.0.bias, neck_layer.1.weight, neck_layer.1.bias, neck_layer.1.running_mean, neck_layer.1.running_var

2023-02-01 01:03:50,201 - mmhuman3d - INFO - Start running, host: root@518b9ea961fb, work_dir: /workspaces/mmhuman3d/workspace/ormr
2023-02-01 01:03:50,202 - mmhuman3d - INFO - Hooks will be executed in the following order:
before_run:
(VERY_HIGH   ) FixedLrUpdaterHook                 
(NORMAL      ) CheckpointHook                     
(VERY_LOW    ) TextLoggerHook                     
 -------------------- 
before_train_epoch:
(VERY_HIGH   ) FixedLrUpdaterHook                 
(NORMAL      ) DistSamplerSeedHook                
(LOW         ) IterTimerHook                      
(VERY_LOW    ) TextLoggerHook                     
 -------------------- 
before_train_iter:
(VERY_HIGH   ) FixedLrUpdaterHook                 
(LOW         ) IterTimerHook                      
 -------------------- 
after_train_iter:
(NORMAL      ) CheckpointHook                     
(LOW         ) IterTimerHook                      
(VERY_LOW    ) TextLoggerHook                     
 -------------------- 
after_train_epoch:
(NORMAL      ) CheckpointHook                     
(VERY_LOW    ) TextLoggerHook                     
 -------------------- 
before_val_epoch:
(NORMAL      ) DistSamplerSeedHook                
(LOW         ) IterTimerHook                      
(VERY_LOW    ) TextLoggerHook                     
 -------------------- 
before_val_iter:
(LOW         ) IterTimerHook                      
 -------------------- 
after_val_iter:
(LOW         ) IterTimerHook                      
 -------------------- 
after_val_epoch:
(VERY_LOW    ) TextLoggerHook                     
 -------------------- 
after_run:
(VERY_LOW    ) TextLoggerHook                     
 -------------------- 
2023-02-01 01:03:50,202 - mmhuman3d - INFO - workflow: [('train', 1)], max: 200 epochs
2023-02-01 01:03:50,202 - mmhuman3d - INFO - Checkpoints will be saved to /workspaces/mmhuman3d/workspace/ormr by HardDiskBackend.
[W reducer.cpp:1050] Warning: find_unused_parameters=True was specified in DDP constructor, but did not find any unused parameters. This flag results in an extra traversal of the autograd graph every iteration, which can adversely affect performance. If your model indeed never has any unused parameters, consider turning this flag off. Note that this warning may be a false positive your model has flow control causing later iterations to have unused parameters. (function operator())
[W reducer.cpp:1050] Warning: find_unused_parameters=True was specified in DDP constructor, but did not find any unused parameters. This flag results in an extra traversal of the autograd graph every iteration, which can adversely affect performance. If your model indeed never has any unused parameters, consider turning this flag off. Note that this warning may be a false positive your model has flow control causing later iterations to have unused parameters. (function operator())
[W reducer.cpp:1050] Warning: find_unused_parameters=True was specified in DDP constructor, but did not find any unused parameters. This flag results in an extra traversal of the autograd graph every iteration, which can adversely affect performance. If your model indeed never has any unused parameters, consider turning this flag off. Note that this warning may be a false positive your model has flow control causing later iterations to have unused parameters. (function operator())
[W reducer.cpp:1050] Warning: find_unused_parameters=True was specified in DDP constructor, but did not find any unused parameters. This flag results in an extra traversal of the autograd graph every iteration, which can adversely affect performance. If your model indeed never has any unused parameters, consider turning this flag off. Note that this warning may be a false positive your model has flow control causing later iterations to have unused parameters. (function operator())
[W reducer.cpp:1050] Warning: find_unused_parameters=True was specified in DDP constructor, but did not find any unused parameters. This flag results in an extra traversal of the autograd graph every iteration, which can adversely affect performance. If your model indeed never has any unused parameters, consider turning this flag off. Note that this warning may be a false positive your model has flow control causing later iterations to have unused parameters. (function operator())
[W reducer.cpp:1050] Warning: find_unused_parameters=True was specified in DDP constructor, but did not find any unused parameters. This flag results in an extra traversal of the autograd graph every iteration, which can adversely affect performance. If your model indeed never has any unused parameters, consider turning this flag off. Note that this warning may be a false positive your model has flow control causing later iterations to have unused parameters. (function operator())
[W reducer.cpp:1050] Warning: find_unused_parameters=True was specified in DDP constructor, but did not find any unused parameters. This flag results in an extra traversal of the autograd graph every iteration, which can adversely affect performance. If your model indeed never has any unused parameters, consider turning this flag off. Note that this warning may be a false positive your model has flow control causing later iterations to have unused parameters. (function operator())
[W reducer.cpp:1050] Warning: find_unused_parameters=True was specified in DDP constructor, but did not find any unused parameters. This flag results in an extra traversal of the autograd graph every iteration, which can adversely affect performance. If your model indeed never has any unused parameters, consider turning this flag off. Note that this warning may be a false positive your model has flow control causing later iterations to have unused parameters. (function operator())
2023-02-01 01:22:25,511 - mmhuman3d - INFO - Epoch [1][50/1220]	lr_backbone: 2.000e-04 lr_head: 2.000e-04 lr_disc: 1.000e-04, eta: 62 days, 23:26:57, time: 22.305, data_time: 8.955, memory: 6968, keypoints3d_loss: 1.7740, keypoints2d_loss: 0.4905, vertex_loss: 0.0000, smpl_pose_loss: 0.0000, smpl_betas_loss: 0.0000, adv_loss: 0.9334, loss: 3.1978
2023-02-01 01:39:57,565 - mmhuman3d - INFO - Epoch [1][100/1220]	lr_backbone: 2.000e-04 lr_head: 2.000e-04 lr_disc: 1.000e-04, eta: 61 days, 4:22:53, time: 21.042, data_time: 4.373, memory: 6968, keypoints3d_loss: 1.0604, keypoints2d_loss: 0.3016, vertex_loss: 0.0000, smpl_pose_loss: 0.0000, smpl_betas_loss: 0.0000, adv_loss: 0.8355, loss: 2.1975
2023-02-01 01:57:31,828 - mmhuman3d - INFO - Epoch [1][150/1220]	lr_backbone: 2.000e-04 lr_head: 2.000e-04 lr_disc: 1.000e-04, eta: 60 days, 14:47:06, time: 21.085, data_time: 0.303, memory: 6968, keypoints3d_loss: 0.7316, keypoints2d_loss: 0.2353, vertex_loss: 0.0000, smpl_pose_loss: 0.0000, smpl_betas_loss: 0.0000, adv_loss: 0.6355, loss: 1.6023
2023-02-01 02:14:51,646 - mmhuman3d - INFO - Epoch [1][200/1220]	lr_backbone: 2.000e-04 lr_head: 2.000e-04 lr_disc: 1.000e-04, eta: 60 days, 2:57:10, time: 20.796, data_time: 0.739, memory: 6968, keypoints3d_loss: 0.5646, keypoints2d_loss: 0.2149, vertex_loss: 0.0000, smpl_pose_loss: 0.0000, smpl_betas_loss: 0.0000, adv_loss: 0.4095, loss: 1.1890
2023-02-01 02:32:31,845 - mmhuman3d - INFO - Epoch [1][250/1220]	lr_backbone: 2.000e-04 lr_head: 2.000e-04 lr_disc: 1.000e-04, eta: 60 days, 1:15:56, time: 21.204, data_time: 0.132, memory: 6968, keypoints3d_loss: 0.4818, keypoints2d_loss: 0.1936, vertex_loss: 0.0000, smpl_pose_loss: 0.0000, smpl_betas_loss: 0.0000, adv_loss: 0.3066, loss: 0.9820
2023-02-01 02:49:47,599 - mmhuman3d - INFO - Epoch [1][300/1220]	lr_backbone: 2.000e-04 lr_head: 2.000e-04 lr_disc: 1.000e-04, eta: 59 days, 18:31:53, time: 20.716, data_time: 2.001, memory: 6968, keypoints3d_loss: 0.4275, keypoints2d_loss: 0.1764, vertex_loss: 0.0000, smpl_pose_loss: 0.0000, smpl_betas_loss: 0.0000, adv_loss: 0.2786, loss: 0.8825
2023-02-01 03:07:46,216 - mmhuman3d - INFO - Epoch [1][350/1220]	lr_backbone: 2.000e-04 lr_head: 2.000e-04 lr_disc: 1.000e-04, eta: 59 days, 21:55:17, time: 21.572, data_time: 0.348, memory: 6968, keypoints3d_loss: 0.3927, keypoints2d_loss: 0.1591, vertex_loss: 0.0000, smpl_pose_loss: 0.0000, smpl_betas_loss: 0.0000, adv_loss: 0.2707, loss: 0.8225
2023-02-01 03:25:12,041 - mmhuman3d - INFO - Epoch [1][400/1220]	lr_backbone: 2.000e-04 lr_head: 2.000e-04 lr_disc: 1.000e-04, eta: 59 days, 18:50:09, time: 20.916, data_time: 0.104, memory: 6968, keypoints3d_loss: 0.3722, keypoints2d_loss: 0.1598, vertex_loss: 0.0000, smpl_pose_loss: 0.0000, smpl_betas_loss: 0.0000, adv_loss: 0.2695, loss: 0.8015
2023-02-01 03:42:53,826 - mmhuman3d - INFO - Epoch [1][450/1220]	lr_backbone: 2.000e-04 lr_head: 2.000e-04 lr_disc: 1.000e-04, eta: 59 days, 18:46:48, time: 21.236, data_time: 0.026, memory: 6968, keypoints3d_loss: 0.3483, keypoints2d_loss: 0.1425, vertex_loss: 0.0000, smpl_pose_loss: 0.0000, smpl_betas_loss: 0.0000, adv_loss: 0.2696, loss: 0.7603
2023-02-01 04:00:35,203 - mmhuman3d - INFO - Epoch [1][500/1220]	lr_backbone: 2.000e-04 lr_head: 2.000e-04 lr_disc: 1.000e-04, eta: 59 days, 18:37:04, time: 21.228, data_time: 0.375, memory: 6968, keypoints3d_loss: 0.3459, keypoints2d_loss: 0.1420, vertex_loss: 0.0000, smpl_pose_loss: 0.0000, smpl_betas_loss: 0.0000, adv_loss: 0.2714, loss: 0.7592
2023-02-01 04:17:35,311 - mmhuman3d - INFO - Epoch [1][550/1220]	lr_backbone: 2.000e-04 lr_head: 2.000e-04 lr_disc: 1.000e-04, eta: 59 days, 13:21:23, time: 20.402, data_time: 2.398, memory: 6968, keypoints3d_loss: 0.3264, keypoints2d_loss: 0.1351, vertex_loss: 0.0000, smpl_pose_loss: 0.0000, smpl_betas_loss: 0.0000, adv_loss: 0.2737, loss: 0.7351
2023-02-01 04:34:57,585 - mmhuman3d - INFO - Epoch [1][600/1220]	lr_backbone: 2.000e-04 lr_head: 2.000e-04 lr_disc: 1.000e-04, eta: 59 days, 11:25:21, time: 20.845, data_time: 5.207, memory: 6968, keypoints3d_loss: 0.3150, keypoints2d_loss: 0.1287, vertex_loss: 0.0000, smpl_pose_loss: 0.0000, smpl_betas_loss: 0.0000, adv_loss: 0.2754, loss: 0.7191
2023-02-01 04:52:22,723 - mmhuman3d - INFO - Epoch [1][650/1220]	lr_backbone: 2.000e-04 lr_head: 2.000e-04 lr_disc: 1.000e-04, eta: 59 days, 10:02:16, time: 20.902, data_time: 2.749, memory: 6968, keypoints3d_loss: 0.2990, keypoints2d_loss: 0.1263, vertex_loss: 0.0000, smpl_pose_loss: 0.0000, smpl_betas_loss: 0.0000, adv_loss: 0.2714, loss: 0.6967
2023-02-01 05:09:50,032 - mmhuman3d - INFO - Epoch [1][700/1220]	lr_backbone: 2.000e-04 lr_head: 2.000e-04 lr_disc: 1.000e-04, eta: 59 days, 9:01:26, time: 20.947, data_time: 3.429, memory: 6968, keypoints3d_loss: 0.2896, keypoints2d_loss: 0.1218, vertex_loss: 0.0000, smpl_pose_loss: 0.0000, smpl_betas_loss: 0.0000, adv_loss: 0.2710, loss: 0.6824
2023-02-01 05:27:57,536 - mmhuman3d - INFO - Epoch [1][750/1220]	lr_backbone: 2.000e-04 lr_head: 2.000e-04 lr_disc: 1.000e-04, eta: 59 days, 11:43:16, time: 21.749, data_time: 5.018, memory: 6968, keypoints3d_loss: 0.2889, keypoints2d_loss: 0.1167, vertex_loss: 0.0000, smpl_pose_loss: 0.0000, smpl_betas_loss: 0.0000, adv_loss: 0.2704, loss: 0.6760
2023-02-01 05:45:00,312 - mmhuman3d - INFO - Epoch [1][800/1220]	lr_backbone: 2.000e-04 lr_head: 2.000e-04 lr_disc: 1.000e-04, eta: 59 days, 8:35:04, time: 20.456, data_time: 0.294, memory: 6968, keypoints3d_loss: 0.2807, keypoints2d_loss: 0.1196, vertex_loss: 0.0000, smpl_pose_loss: 0.0000, smpl_betas_loss: 0.0000, adv_loss: 0.2696, loss: 0.6698
2023-02-01 06:02:45,271 - mmhuman3d - INFO - Epoch [1][850/1220]	lr_backbone: 2.000e-04 lr_head: 2.000e-04 lr_disc: 1.000e-04, eta: 59 days, 9:07:50, time: 21.299, data_time: 0.025, memory: 6968, keypoints3d_loss: 0.2716, keypoints2d_loss: 0.1136, vertex_loss: 0.0000, smpl_pose_loss: 0.0000, smpl_betas_loss: 0.0000, adv_loss: 0.2629, loss: 0.6482
2023-02-01 06:20:18,310 - mmhuman3d - INFO - Epoch [1][900/1220]	lr_backbone: 2.000e-04 lr_head: 2.000e-04 lr_disc: 1.000e-04, eta: 59 days, 8:41:13, time: 21.060, data_time: 9.645, memory: 6968, keypoints3d_loss: 0.2632, keypoints2d_loss: 0.1097, vertex_loss: 0.0000, smpl_pose_loss: 0.0000, smpl_betas_loss: 0.0000, adv_loss: 0.2569, loss: 0.6298
2023-02-01 06:37:35,709 - mmhuman3d - INFO - Epoch [1][950/1220]	lr_backbone: 2.000e-04 lr_head: 2.000e-04 lr_disc: 1.000e-04, eta: 59 days, 7:09:21, time: 20.749, data_time: 10.521, memory: 6968, keypoints3d_loss: 0.2555, keypoints2d_loss: 0.1090, vertex_loss: 0.0000, smpl_pose_loss: 0.0000, smpl_betas_loss: 0.0000, adv_loss: 0.2545, loss: 0.6190
2023-02-01 06:55:27,092 - mmhuman3d - INFO - Epoch [1][1000/1220]	lr_backbone: 2.000e-04 lr_head: 2.000e-04 lr_disc: 1.000e-04, eta: 59 days, 8:02:17, time: 21.428, data_time: 8.883, memory: 6968, keypoints3d_loss: 0.2511, keypoints2d_loss: 0.1064, vertex_loss: 0.0000, smpl_pose_loss: 0.0000, smpl_betas_loss: 0.0000, adv_loss: 0.2541, loss: 0.6116
2023-02-01 07:13:01,356 - mmhuman3d - INFO - Epoch [1][1050/1220]	lr_backbone: 2.000e-04 lr_head: 2.000e-04 lr_disc: 1.000e-04, eta: 59 days, 7:42:29, time: 21.085, data_time: 20.424, memory: 6968, keypoints3d_loss: 0.2423, keypoints2d_loss: 0.1002, vertex_loss: 0.0000, smpl_pose_loss: 0.0000, smpl_betas_loss: 0.0000, adv_loss: 0.2525, loss: 0.5949
2023-02-01 07:30:08,774 - mmhuman3d - INFO - Epoch [1][1100/1220]	lr_backbone: 2.000e-04 lr_head: 2.000e-04 lr_disc: 1.000e-04, eta: 59 days, 5:43:58, time: 20.548, data_time: 16.741, memory: 6968, keypoints3d_loss: 0.2433, keypoints2d_loss: 0.1043, vertex_loss: 0.0000, smpl_pose_loss: 0.0000, smpl_betas_loss: 0.0000, adv_loss: 0.2531, loss: 0.6008
2023-02-01 07:48:24,361 - mmhuman3d - INFO - Epoch [1][1150/1220]	lr_backbone: 2.000e-04 lr_head: 2.000e-04 lr_disc: 1.000e-04, eta: 59 days, 7:54:19, time: 21.912, data_time: 0.022, memory: 6968, keypoints3d_loss: 0.2358, keypoints2d_loss: 0.1013, vertex_loss: 0.0000, smpl_pose_loss: 0.0000, smpl_betas_loss: 0.0000, adv_loss: 0.2531, loss: 0.5902
2023-02-01 08:05:49,936 - mmhuman3d - INFO - Epoch [1][1200/1220]	lr_backbone: 2.000e-04 lr_head: 2.000e-04 lr_disc: 1.000e-04, eta: 59 days, 7:03:38, time: 20.912, data_time: 1.100, memory: 6968, keypoints3d_loss: 0.2271, keypoints2d_loss: 0.0967, vertex_loss: 0.0000, smpl_pose_loss: 0.0000, smpl_betas_loss: 0.0000, adv_loss: 0.2520, loss: 0.5758
2023-02-01 08:30:37,877 - mmhuman3d - INFO - Epoch [2][50/1220]	lr_backbone: 2.000e-04 lr_head: 2.000e-04 lr_disc: 1.000e-04, eta: 58 days, 8:31:15, time: 21.203, data_time: 7.072, memory: 6968, keypoints3d_loss: 0.2258, keypoints2d_loss: 0.0961, vertex_loss: 0.0000, smpl_pose_loss: 0.0000, smpl_betas_loss: 0.0000, adv_loss: 0.2538, loss: 0.5758
2023-02-01 08:48:09,361 - mmhuman3d - INFO - Epoch [2][100/1220]	lr_backbone: 2.000e-04 lr_head: 2.000e-04 lr_disc: 1.000e-04, eta: 58 days, 8:53:10, time: 21.028, data_time: 7.809, memory: 6968, keypoints3d_loss: 0.2154, keypoints2d_loss: 0.0942, vertex_loss: 0.0000, smpl_pose_loss: 0.0000, smpl_betas_loss: 0.0000, adv_loss: 0.2532, loss: 0.5628
2023-02-01 09:05:20,945 - mmhuman3d - INFO - Epoch [2][150/1220]	lr_backbone: 2.000e-04 lr_head: 2.000e-04 lr_disc: 1.000e-04, eta: 58 days, 8:13:55, time: 20.633, data_time: 18.625, memory: 6968, keypoints3d_loss: 0.2184, keypoints2d_loss: 0.0921, vertex_loss: 0.0000, smpl_pose_loss: 0.0000, smpl_betas_loss: 0.0000, adv_loss: 0.2535, loss: 0.5640
2023-02-01 09:22:57,562 - mmhuman3d - INFO - Epoch [2][200/1220]	lr_backbone: 2.000e-04 lr_head: 2.000e-04 lr_disc: 1.000e-04, eta: 58 days, 8:47:29, time: 21.133, data_time: 4.572, memory: 6968, keypoints3d_loss: 0.2159, keypoints2d_loss: 0.0920, vertex_loss: 0.0000, smpl_pose_loss: 0.0000, smpl_betas_loss: 0.0000, adv_loss: 0.2558, loss: 0.5637
2023-02-01 09:40:39,783 - mmhuman3d - INFO - Epoch [2][250/1220]	lr_backbone: 2.000e-04 lr_head: 2.000e-04 lr_disc: 1.000e-04, eta: 58 days, 9:32:49, time: 21.244, data_time: 5.325, memory: 6968, keypoints3d_loss: 0.2166, keypoints2d_loss: 0.0891, vertex_loss: 0.0000, smpl_pose_loss: 0.0000, smpl_betas_loss: 0.0000, adv_loss: 0.2597, loss: 0.5654
2023-02-01 09:58:51,048 - mmhuman3d - INFO - Epoch [2][300/1220]	lr_backbone: 2.000e-04 lr_head: 2.000e-04 lr_disc: 1.000e-04, eta: 58 days, 11:31:12, time: 21.825, data_time: 3.149, memory: 6968, keypoints3d_loss: 0.2102, keypoints2d_loss: 0.0916, vertex_loss: 0.0000, smpl_pose_loss: 0.0000, smpl_betas_loss: 0.0000, adv_loss: 0.2631, loss: 0.5649
2023-02-01 10:16:03,950 - mmhuman3d - INFO - Epoch [2][350/1220]	lr_backbone: 2.000e-04 lr_head: 2.000e-04 lr_disc: 1.000e-04, eta: 58 days, 10:50:44, time: 20.658, data_time: 5.765, memory: 6968, keypoints3d_loss: 0.2196, keypoints2d_loss: 0.0950, vertex_loss: 0.0000, smpl_pose_loss: 0.0000, smpl_betas_loss: 0.0000, adv_loss: 0.2668, loss: 0.5814
2023-02-01 10:32:59,695 - mmhuman3d - INFO - Epoch [2][400/1220]	lr_backbone: 2.000e-04 lr_head: 2.000e-04 lr_disc: 1.000e-04, eta: 58 days, 9:29:03, time: 20.316, data_time: 4.790, memory: 6968, keypoints3d_loss: 0.2147, keypoints2d_loss: 0.0919, vertex_loss: 0.0000, smpl_pose_loss: 0.0000, smpl_betas_loss: 0.0000, adv_loss: 0.2676, loss: 0.5742
2023-02-01 10:50:28,508 - mmhuman3d - INFO - Epoch [2][450/1220]	lr_backbone: 2.000e-04 lr_head: 2.000e-04 lr_disc: 1.000e-04, eta: 58 days, 9:31:06, time: 20.976, data_time: 7.666, memory: 6968, keypoints3d_loss: 0.2094, keypoints2d_loss: 0.0896, vertex_loss: 0.0000, smpl_pose_loss: 0.0000, smpl_betas_loss: 0.0000, adv_loss: 0.2677, loss: 0.5667
2023-02-01 11:07:31,964 - mmhuman3d - INFO - Epoch [2][500/1220]	lr_backbone: 2.000e-04 lr_head: 2.000e-04 lr_disc: 1.000e-04, eta: 58 days, 8:32:30, time: 20.469, data_time: 5.241, memory: 6968, keypoints3d_loss: 0.2004, keypoints2d_loss: 0.0904, vertex_loss: 0.0000, smpl_pose_loss: 0.0000, smpl_betas_loss: 0.0000, adv_loss: 0.2667, loss: 0.5575
2023-02-01 11:24:40,401 - mmhuman3d - INFO - Epoch [2][550/1220]	lr_backbone: 2.000e-04 lr_head: 2.000e-04 lr_disc: 1.000e-04, eta: 58 days, 7:47:31, time: 20.568, data_time: 1.601, memory: 6968, keypoints3d_loss: 0.2038, keypoints2d_loss: 0.0890, vertex_loss: 0.0000, smpl_pose_loss: 0.0000, smpl_betas_loss: 0.0000, adv_loss: 0.2666, loss: 0.5594
*****************************************
Setting OMP_NUM_THREADS environment variable for each process to be 1 in default, to avoid your system being overloaded, please further tune the variable for optimal performance in your application as needed. 
*****************************************
Killing subprocess 144210
Killing subprocess 144211
Killing subprocess 144212
Killing subprocess 144213
Killing subprocess 144214
Killing subprocess 144215
Killing subprocess 144216
Killing subprocess 144217
Main process received SIGTERM, exiting
